\BOOKMARK [0][-]{chapter.1}{\376\377\000I\000n\000t\000r\000o\000d\000u\000c\000t\000i\000o\000n\000,\000\040\000F\000i\000n\000i\000t\000e\000\040\000A\000u\000t\000o\000m\000a\000t\000a\000,\000\040\000R\000e\000g\000u\000l\000a\000r\000\040\000E\000x\000p\000r\000e\000s\000s\000i\000o\000n\000s}{}% 1
\BOOKMARK [1][-]{section.1.1}{\376\377\000F\000i\000n\000i\000t\000e\000\040\000A\000u\000t\000o\000m\000a\000t\000a}{chapter.1}% 2
\BOOKMARK [1][-]{section.1.2}{\376\377\000F\000o\000r\000m\000a\000l\000\040\000D\000e\000f\000i\000n\000i\000t\000i\000o\000n\000\040\000o\000f\000\040\000C\000o\000m\000p\000u\000t\000a\000t\000i\000o\000n}{chapter.1}% 3
\BOOKMARK [1][-]{section.1.3}{\376\377\000R\000e\000g\000u\000l\000a\000r\000\040\000E\000x\000p\000r\000e\000s\000s\000i\000o\000n\000s}{chapter.1}% 4
\BOOKMARK [0][-]{chapter.2}{\376\377\000N\000o\000n\000d\000e\000t\000e\000r\000m\000i\000n\000i\000s\000m\000,\000\040\000C\000l\000o\000s\000u\000r\000e\000\040\000P\000r\000o\000p\000e\000r\000t\000i\000e\000s\000,\000\040\000R\000e\000g\000u\000l\000a\000r\000\040\000E\000x\000p\000r\000e\000s\000s\000i\000o\000n\000s\000\040\040\023\000>\000\040\000F\000i\000n\000i\000t\000e\000\040\000A\000u\000t\000o\000m\000a\000t\000a}{}% 5
\BOOKMARK [1][-]{section.2.1}{\376\377\000N\000o\000n\000d\000e\000t\000e\000r\000m\000i\000n\000i\000s\000m}{chapter.2}% 6
\BOOKMARK [1][-]{section.2.2}{\376\377\000N\000F\000A}{chapter.2}% 7
\BOOKMARK [0][-]{chapter.3}{\376\377\000T\000h\000e\000\040\000R\000e\000g\000u\000l\000a\000r\000\040\000P\000u\000m\000p\000i\000n\000g\000\040\000L\000e\000m\000m\000a\000,\000\040\000F\000i\000n\000i\000t\000e\000\040\000A\000u\000t\000o\000m\000a\000t\000a\000\040\041\222\000\040\000R\000e\000g\000u\000l\000a\000r\000\040\000E\000x\000p\000r\000e\000s\000s\000i\000o\000n\000s\000,\000\040\000C\000F\000G\000s}{}% 8
\BOOKMARK [1][-]{section.3.1}{\376\377\000G\000N\000F\000A}{chapter.3}% 9
\BOOKMARK [1][-]{section.3.2}{\376\377\000N\000o\000n\000-\000R\000e\000g\000u\000l\000a\000r\000\040\000L\000a\000n\000g\000u\000a\000g\000e\000s}{chapter.3}% 10
\BOOKMARK [1][-]{section.3.3}{\376\377\000P\000u\000m\000p\000i\000n\000g\000\040\000L\000e\000m\000m\000a}{chapter.3}% 11
\BOOKMARK [1][-]{section.3.4}{\376\377\000C\000o\000n\000t\000e\000x\000t\000\040\000F\000r\000e\000e\000\040\000G\000r\000a\000m\000m\000a\000r\000s}{chapter.3}% 12
\BOOKMARK [0][-]{chapter.4}{\376\377\000P\000u\000s\000h\000d\000o\000w\000n\000\040\000A\000u\000t\000o\000m\000a\000t\000a\000,\000\040\000C\000F\000G\000<\040\023\000>\000P\000D\000A}{}% 13
\BOOKMARK [1][-]{section.4.1}{\376\377\000C\000F\000G\000:\000\040\000C\000o\000n\000t\000e\000x\000t\000\040\000F\000r\000e\000e\000\040\000G\000r\000a\000m\000m\000a\000r\000s}{chapter.4}% 14
\BOOKMARK [1][-]{section.4.2}{\376\377\000P\000u\000s\000h\000d\000o\000w\000n\000\040\000A\000u\000t\000o\000m\000a\000t\000a\000\040\000\050\000P\000D\000A\000\051}{chapter.4}% 15
\BOOKMARK [0][-]{chapter.5}{\376\377\000T\000h\000e\000\040\000C\000F\000\040\000P\000u\000m\000p\000i\000n\000g\000\040\000L\000e\000m\000m\000a\000,\000\040\000T\000u\000r\000i\000n\000g\000\040\000M\000a\000c\000h\000i\000n\000e\000s}{}% 16
\BOOKMARK [1][-]{section.5.1}{\376\377\000N\000o\000n\000-\000c\000o\000n\000t\000e\000x\000t\000-\000f\000r\000e\000e\000\040\000l\000a\000n\000g\000u\000a\000g\000e\000s}{chapter.5}% 17
\BOOKMARK [1][-]{section.5.2}{\376\377\000T\000u\000r\000i\000n\000g\000\040\000M\000a\000c\000h\000i\000n\000e\000s\000\050\000T\000M\000s\000\051}{chapter.5}% 18
\BOOKMARK [0][-]{chapter.6}{\376\377\000T\000M\000\040\000V\000a\000r\000i\000a\000n\000t\000s\000,\000\040\000t\000h\000e\000\040\000C\000h\000u\000r\000c\000h\000-\000T\000u\000r\000i\000n\000g\000\040\000T\000h\000e\000s\000i\000s}{}% 19
\BOOKMARK [1][-]{section.6.1}{\376\377\000V\000a\000r\000i\000a\000n\000t\000s\000\040\000o\000f\000\040\000t\000h\000e\000\040\000T\000u\000r\000i\000n\000g\000\040\000M\000a\000c\000h\000i\000n\000e\000\040\000M\000o\000d\000e\000l}{chapter.6}% 20
\BOOKMARK [1][-]{section.6.2}{\376\377\000C\000h\000u\000r\000c\000h\000-\000T\000u\000r\000i\000n\000g\000\040\000T\000h\000e\000s\000i\000s}{chapter.6}% 21
\BOOKMARK [1][-]{section.6.3}{\376\377\000N\000o\000t\000a\000t\000i\000o\000n\000\040\000f\000o\000r\000\040\000e\000n\000c\000o\000d\000i\000n\000g\000s\000\040\000a\000n\000d\000\040\000T\000M\000s}{chapter.6}% 22
\BOOKMARK [0][-]{chapter.7}{\376\377\000D\000e\000c\000i\000s\000i\000o\000n\000\040\000P\000r\000o\000b\000l\000e\000m\000s\000\040\000f\000o\000r\000\040\000A\000u\000t\000o\000m\000a\000t\000a\000\040\000a\000n\000d\000\040\000G\000r\000a\000m\000m\000a\000r\000s}{}% 23
\BOOKMARK [1][-]{section.7.1}{\376\377\000A\000c\000c\000e\000p\000t\000a\000n\000c\000e\000\040\000P\000r\000o\000b\000l\000e\000m\000\040\000f\000o\000r\000\040\000D\000F\000A\000s}{chapter.7}% 24
\BOOKMARK [1][-]{section.7.2}{\376\377\000A\000c\000c\000e\000p\000t\000a\000n\000c\000e\000\040\000P\000r\000o\000b\000l\000e\000m\000\040\000f\000o\000r\000\040\000N\000F\000A\000s}{chapter.7}% 25
\BOOKMARK [1][-]{section.7.3}{\376\377\000E\000m\000p\000t\000i\000n\000e\000s\000s\000\040\000P\000r\000o\000b\000l\000e\000m\000\040\000f\000o\000r\000\040\000D\000F\000A\000s}{chapter.7}% 26
\BOOKMARK [1][-]{section.7.4}{\376\377\000E\000q\000u\000i\000v\000a\000l\000e\000n\000c\000e\000\040\000P\000r\000o\000b\000l\000e\000m\000\040\000f\000o\000r\000\040\000D\000F\000A\000s}{chapter.7}% 27
\BOOKMARK [1][-]{section.7.5}{\376\377\000A\000c\000c\000e\000p\000t\000a\000n\000c\000e\000\040\000P\000r\000o\000b\000l\000e\000m\000\040\000f\000o\000r\000\040\000C\000F\000G\000s}{chapter.7}% 28
\BOOKMARK [1][-]{section.7.6}{\376\377\000E\000m\000p\000t\000i\000n\000e\000s\000s\000\040\000P\000r\000o\000b\000l\000e\000m\000\040\000f\000o\000r\000\040\000C\000F\000G\000s}{chapter.7}% 29
\BOOKMARK [1][-]{section.7.7}{\376\377\000E\000q\000u\000i\000v\000a\000l\000e\000n\000c\000e\000\040\000P\000r\000o\000b\000l\000e\000m\000\040\000f\000o\000r\000\040\000C\000F\000G\000s}{chapter.7}% 30
\BOOKMARK [1][-]{section.7.8}{\376\377\000A\000c\000c\000e\000p\000t\000a\000n\000c\000e\000\040\000P\000r\000o\000b\000l\000e\000m\000\040\000f\000o\000r\000\040\000T\000M\000s}{chapter.7}% 31
\BOOKMARK [0][-]{chapter.8}{\376\377\000U\000n\000d\000e\000c\000i\000d\000a\000b\000i\000l\000i\000t\000y}{}% 32
\BOOKMARK [1][-]{section.8.1}{\376\377\000T\000h\000e\000\040\000D\000i\000a\000g\000o\000n\000a\000l\000i\000z\000a\000t\000i\000o\000n\000\040\000M\000e\000t\000h\000o\000d}{chapter.8}% 33
\BOOKMARK [1][-]{section.8.2}{\376\377\000U\000n\000d\000e\000c\000i\000d\000a\000b\000l\000e\000\040\000L\000a\000n\000g\000u\000a\000g\000e}{chapter.8}% 34
\BOOKMARK [1][-]{section.8.3}{\376\377\000T\000h\000e\000\040\000R\000e\000d\000u\000c\000i\000b\000i\000l\000i\000t\000y\000\040\000M\000e\000t\000h\000o\000d}{chapter.8}% 35
\BOOKMARK [0][-]{chapter.9}{\376\377\000R\000e\000d\000u\000c\000i\000b\000i\000l\000i\000t\000y}{}% 36
\BOOKMARK [1][-]{section.9.1}{\376\377\000T\000h\000e\000\040\000R\000e\000d\000u\000c\000i\000b\000i\000l\000i\000t\000y\000\040\000M\000e\000t\000h\000o\000d}{chapter.9}% 37
\BOOKMARK [1][-]{section.9.2}{\376\377\000G\000e\000n\000e\000r\000a\000l\000\040\000R\000e\000d\000u\000c\000i\000b\000i\000l\000i\000t\000y}{chapter.9}% 38
\BOOKMARK [1][-]{section.9.3}{\376\377\000M\000a\000p\000p\000i\000n\000g\000\040\000R\000e\000d\000u\000c\000i\000b\000i\000l\000i\000t\000y}{chapter.9}% 39
\BOOKMARK [0][-]{chapter.10}{\376\377\000T\000h\000e\000\040\000C\000o\000m\000p\000u\000t\000a\000t\000i\000o\000n\000\040\000H\000i\000s\000t\000o\000r\000y\000\040\000M\000e\000t\000h\000o\000d}{}% 40
\BOOKMARK [0][-]{chapter.11}{\376\377\000T\000h\000e\000\040\000R\000e\000c\000u\000r\000s\000i\000o\000n\000\040\000T\000h\000e\000o\000r\000e\000m\000\040\000a\000n\000d\000\040\000L\000o\000g\000i\000c}{}% 41
